c:\users\tarak\missionrndprojects\c-linkedlists2\src\debug\vc120.pdb
c:\users\tarak\missionrndprojects\c-linkedlists2\src\debug\vc120.idb
c:\users\tarak\missionrndprojects\c-linkedlists2\src\debug\betweendays.obj
c:\users\tarak\missionrndprojects\c-linkedlists2\src\debug\circularlistsmerge.obj
c:\users\tarak\missionrndprojects\c-linkedlists2\src\debug\insertateverykthnode.obj
c:\users\tarak\missionrndprojects\c-linkedlists2\src\debug\linkedlistmedian.obj
c:\users\tarak\missionrndprojects\c-linkedlists2\src\debug\mainlinkedlists2.obj
c:\users\tarak\missionrndprojects\c-linkedlists2\src\debug\merge2linkedlists.obj
c:\users\tarak\missionrndprojects\c-linkedlists2\src\debug\oddeven.obj
c:\users\tarak\missionrndprojects\c-linkedlists2\src\debug\reverselinkedlist.obj
c:\users\tarak\missionrndprojects\c-linkedlists2\debug\src.pdb
c:\users\tarak\missionrndprojects\c-linkedlists2\src\debug\src.tlog\cl.command.1.tlog
c:\users\tarak\missionrndprojects\c-linkedlists2\src\debug\src.tlog\cl.read.1.tlog
c:\users\tarak\missionrndprojects\c-linkedlists2\src\debug\src.tlog\cl.write.1.tlog
c:\users\tarak\missionrndprojects\c-linkedlists2\src\debug\src.tlog\link-cvtres.read.1.tlog
c:\users\tarak\missionrndprojects\c-linkedlists2\src\debug\src.tlog\link-cvtres.write.1.tlog
c:\users\tarak\missionrndprojects\c-linkedlists2\src\debug\src.tlog\link-rc.read.1.tlog
c:\users\tarak\missionrndprojects\c-linkedlists2\src\debug\src.tlog\link-rc.write.1.tlog
c:\users\tarak\missionrndprojects\c-linkedlists2\src\debug\src.tlog\link.6656-cvtres.read.1.tlog
c:\users\tarak\missionrndprojects\c-linkedlists2\src\debug\src.tlog\link.6656-cvtres.write.1.tlog
c:\users\tarak\missionrndprojects\c-linkedlists2\src\debug\src.tlog\link.6656-rc.read.1.tlog
c:\users\tarak\missionrndprojects\c-linkedlists2\src\debug\src.tlog\link.6656-rc.write.1.tlog
c:\users\tarak\missionrndprojects\c-linkedlists2\src\debug\src.tlog\link.6656.read.1.tlog
c:\users\tarak\missionrndprojects\c-linkedlists2\src\debug\src.tlog\link.6656.write.1.tlog
c:\users\tarak\missionrndprojects\c-linkedlists2\src\debug\src.tlog\link.command.1.tlog
c:\users\tarak\missionrndprojects\c-linkedlists2\src\debug\src.tlog\link.read.1.tlog
c:\users\tarak\missionrndprojects\c-linkedlists2\src\debug\src.tlog\link.write.1.tlog
