Build started 10/30/2016 11:38:43 PM.
     1>Project "C:\Users\Tarak\MissionRnDProjects\untitled\src\src.vcxproj" on node 2 (Build target(s)).
     1>ClCompile:
         C:\Program Files (x86)\Microsoft Visual Studio 12.0\VC\bin\CL.exe /c /ZI /nologo /W3 /WX- /Od /Oy- /D WIN32 /D _DEBUG /D _CONSOLE /D _LIB /D _UNICODE /D UNICODE /Gm /EHsc /RTC1 /MDd /GS /fp:precise /Zc:wchar_t /Zc:forScope /Fo"Debug\\" /Fd"Debug\vc120.pdb" /Gd /TP /analyze- /errorReport:prompt octalToHexadecimal.cpp
         octalToHexadecimal.cpp
     1>c:\users\tarak\missionrndprojects\untitled\src\octaltohexadecimal.cpp(67): warning C4244: 'argument' : conversion from '__int64' to 'int', possible loss of data
     1>c:\users\tarak\missionrndprojects\untitled\src\octaltohexadecimal.cpp(67): warning C4244: 'argument' : conversion from 'double' to 'int', possible loss of data
     1>c:\users\tarak\missionrndprojects\untitled\src\octaltohexadecimal.cpp(70): warning C4244: 'argument' : conversion from '__int64' to 'int', possible loss of data
     1>c:\users\tarak\missionrndprojects\untitled\src\octaltohexadecimal.cpp(70): warning C4244: 'argument' : conversion from 'double' to 'int', possible loss of data
     1>c:\users\tarak\missionrndprojects\untitled\src\octaltohexadecimal.cpp(73): warning C4244: 'argument' : conversion from '__int64' to 'int', possible loss of data
     1>c:\users\tarak\missionrndprojects\untitled\src\octaltohexadecimal.cpp(73): warning C4244: 'argument' : conversion from 'double' to 'int', possible loss of data
     1>c:\users\tarak\missionrndprojects\untitled\src\octaltohexadecimal.cpp(76): warning C4244: 'argument' : conversion from '__int64' to 'int', possible loss of data
     1>c:\users\tarak\missionrndprojects\untitled\src\octaltohexadecimal.cpp(76): warning C4244: 'argument' : conversion from 'double' to 'int', possible loss of data
     1>c:\users\tarak\missionrndprojects\untitled\src\octaltohexadecimal.cpp(79): warning C4244: 'argument' : conversion from '__int64' to 'int', possible loss of data
     1>c:\users\tarak\missionrndprojects\untitled\src\octaltohexadecimal.cpp(79): warning C4244: 'argument' : conversion from 'double' to 'int', possible loss of data
     1>c:\users\tarak\missionrndprojects\untitled\src\octaltohexadecimal.cpp(82): warning C4244: 'argument' : conversion from '__int64' to 'int', possible loss of data
     1>c:\users\tarak\missionrndprojects\untitled\src\octaltohexadecimal.cpp(82): warning C4244: 'argument' : conversion from 'double' to 'int', possible loss of data
     1>c:\users\tarak\missionrndprojects\untitled\src\octaltohexadecimal.cpp(85): warning C4244: 'argument' : conversion from '__int64' to 'int', possible loss of data
     1>c:\users\tarak\missionrndprojects\untitled\src\octaltohexadecimal.cpp(85): warning C4244: 'argument' : conversion from 'double' to 'int', possible loss of data
     1>c:\users\tarak\missionrndprojects\untitled\src\octaltohexadecimal.cpp(88): warning C4244: 'argument' : conversion from '__int64' to 'int', possible loss of data
     1>c:\users\tarak\missionrndprojects\untitled\src\octaltohexadecimal.cpp(88): warning C4244: 'argument' : conversion from 'double' to 'int', possible loss of data
     1>c:\users\tarak\missionrndprojects\untitled\src\octaltohexadecimal.cpp(91): warning C4244: 'argument' : conversion from '__int64' to 'int', possible loss of data
     1>c:\users\tarak\missionrndprojects\untitled\src\octaltohexadecimal.cpp(91): warning C4244: 'argument' : conversion from 'double' to 'int', possible loss of data
     1>c:\users\tarak\missionrndprojects\untitled\src\octaltohexadecimal.cpp(32): warning C4101: 'octal' : unreferenced local variable
       Link:
         C:\Program Files (x86)\Microsoft Visual Studio 12.0\VC\bin\link.exe /ERRORREPORT:PROMPT /OUT:"C:\Users\Tarak\MissionRnDProjects\untitled\Debug\src.exe" /INCREMENTAL /NOLOGO kernel32.lib user32.lib gdi32.lib winspool.lib comdlg32.lib advapi32.lib shell32.lib ole32.lib oleaut32.lib uuid.lib odbc32.lib odbccp32.lib /MANIFEST /MANIFESTUAC:"level='asInvoker' uiAccess='false'" /manifest:embed /DEBUG /PDB:"C:\Users\Tarak\MissionRnDProjects\untitled\Debug\src.pdb" /SUBSYSTEM:CONSOLE /TLBID:1 /DYNAMICBASE /NXCOMPAT /IMPLIB:"C:\Users\Tarak\MissionRnDProjects\untitled\Debug\src.lib" /MACHINE:X86 Debug\count.obj
         Debug\countOnes.obj
         Debug\decimalToOctal.obj
         Debug\isOlder.obj
         Debug\MainBasics.obj
         Debug\nthNumber.obj
         Debug\octalToHexadecimal.obj
         Debug\sum.obj
         Debug\swap.obj
         Debug\variableArguments.obj
         src.vcxproj -> C:\Users\Tarak\MissionRnDProjects\untitled\Debug\src.exe
     1>Done Building Project "C:\Users\Tarak\MissionRnDProjects\untitled\src\src.vcxproj" (Build target(s)).

Build succeeded.

Time Elapsed 00:00:00.95
